<?xml version="1.0" encoding="UTF-8"?>
<testng-results skipped="0" failed="0" ignored="0" total="2" passed="2">
  <reporter-output>
  </reporter-output>
  <suite name="Default suite" duration-ms="11402" started-at="2022-11-13T21:44:20 IST" finished-at="2022-11-13T21:44:32 IST">
    <groups>
    </groups>
    <test name="Default test" duration-ms="11402" started-at="2022-11-13T21:44:20 IST" finished-at="2022-11-13T21:44:32 IST">
      <class name="test.TestA">
        <test-method status="PASS" signature="test_1()[pri:0, instance:test.TestA@4d95d2a2]" name="test_1" duration-ms="6420" started-at="2022-11-13T21:44:20 IST" finished-at="2022-11-13T21:44:27 IST">
          <reporter-output>
          </reporter-output>
        </test-method> <!-- test_1 -->
        <test-method status="PASS" signature="test_2()[pri:0, instance:test.TestA@4d95d2a2]" name="test_2" duration-ms="4907" started-at="2022-11-13T21:44:27 IST" finished-at="2022-11-13T21:44:31 IST">
          <reporter-output>
          </reporter-output>
        </test-method> <!-- test_2 -->
      </class> <!-- test.TestA -->
    </test> <!-- Default test -->
  </suite> <!-- Default suite -->
</testng-results>
