<?xml version="1.0" encoding="UTF-8"?>
<testng-results skipped="0" failed="0" ignored="0" total="1" passed="1">
  <reporter-output>
  </reporter-output>
  <suite name="Default suite" duration-ms="3427" started-at="2022-10-08T22:40:08 IST" finished-at="2022-10-08T22:40:11 IST">
    <groups>
    </groups>
    <test name="Default test" duration-ms="3427" started-at="2022-10-08T22:40:08 IST" finished-at="2022-10-08T22:40:11 IST">
      <class name="test.TestOnLocalAPI">
        <test-method status="PASS" signature="delete()[pri:0, instance:test.TestOnLocalAPI@1e965684]" name="delete" duration-ms="3367" started-at="2022-10-08T22:40:08 IST" finished-at="2022-10-08T22:40:11 IST">
          <reporter-output>
          </reporter-output>
        </test-method> <!-- delete -->
      </class> <!-- test.TestOnLocalAPI -->
    </test> <!-- Default test -->
  </suite> <!-- Default suite -->
</testng-results>
